Verified existence of local and remote repos: Success
/local/mnt/workspace/automerge/actions-runner/_work/kernel-automation/kernel-automation/kernel-topics /local/mnt/workspace/automerge/actions-runner/_work/kernel-automation/kernel-automation/kernel-topics
Reuse-Recorded-Resolution: Enabled
Downloaded shared rerere cache
Local tree is clean
Removing old remotes ...
The remote kernel https://github.com/qualcomm-linux/kernel.git is no longer tracked.
Delete it [Y/n]? The remote origin https://github.com/qualcomm-linux/kernel-topics.git is no longer tracked.
Delete it [Y/n]? The remote trovalds https://git.kernel.org/pub/scm/linux/kernel/git/torvalds/linux.git is no longer tracked.
Delete it [Y/n]? Done, removed 3 old remote(s).
Adding new remotes...
Adding remote baseline https://github.com/qualcomm-linux/kernel.git qcom-next-staging
Updating baseline
Adding remote tech/bsp/clk https://github.com/qualcomm-linux/kernel-topics.git tech/bsp/clk
Updating tech/bsp/clk
Adding remote tech/bsp/interconnect https://github.com/qualcomm-linux/kernel-topics.git tech/bsp/interconnect
Updating tech/bsp/interconnect
Adding remote tech/mem/secure-buffer https://github.com/qualcomm-linux/kernel-topics.git tech/mem/secure-buffer
Updating tech/mem/secure-buffer
Adding remote tech/security/firmware-smc https://github.com/qualcomm-linux/kernel-topics.git tech/security/firmware-smc
Updating tech/security/firmware-smc
Adding remote tech/bsp/soc-infra https://github.com/qualcomm-linux/kernel-topics.git tech/bsp/soc-infra
Updating tech/bsp/soc-infra
Adding remote tech/debug/soc https://github.com/qualcomm-linux/kernel-topics.git tech/debug/soc
Updating tech/debug/soc
Adding remote tech/bsp/pinctrl https://github.com/qualcomm-linux/kernel-topics.git tech/bsp/pinctrl
Updating tech/bsp/pinctrl
Adding remote tech/bsp/remoteproc https://github.com/qualcomm-linux/kernel-topics.git tech/bsp/remoteproc
Updating tech/bsp/remoteproc
Adding remote tech/bus/peripherals https://github.com/qualcomm-linux/kernel-topics.git tech/bus/peripherals
Updating tech/bus/peripherals
Adding remote tech/bus/pci/all https://github.com/qualcomm-linux/kernel-topics.git tech/bus/pci/all
Updating tech/bus/pci/all
Adding remote tech/bus/pci/mhi https://github.com/qualcomm-linux/kernel-topics.git tech/bus/pci/mhi
Updating tech/bus/pci/mhi
Adding remote tech/bus/pci/phy https://github.com/qualcomm-linux/kernel-topics.git tech/bus/pci/phy
Updating tech/bus/pci/phy
Adding remote tech/bus/pci/pwrctl https://github.com/qualcomm-linux/kernel-topics.git tech/bus/pci/pwrctl
Updating tech/bus/pci/pwrctl
Adding remote tech/bus/usb/dwc https://github.com/qualcomm-linux/kernel-topics.git tech/bus/usb/dwc
Updating tech/bus/usb/dwc
Adding remote tech/bus/usb/gadget https://github.com/qualcomm-linux/kernel-topics.git tech/bus/usb/gadget
Updating tech/bus/usb/gadget
Adding remote tech/bus/usb/phy https://github.com/qualcomm-linux/kernel-topics.git tech/bus/usb/phy
Updating tech/bus/usb/phy
Adding remote tech/debug/eud https://github.com/qualcomm-linux/kernel-topics.git tech/debug/eud
Updating tech/debug/eud
Adding remote tech/debug/hwtracing https://github.com/qualcomm-linux/kernel-topics.git tech/debug/hwtracing
Updating tech/debug/hwtracing
Adding remote tech/debug/rdbg https://github.com/qualcomm-linux/kernel-topics.git tech/debug/rdbg
Updating tech/debug/rdbg
Adding remote tech/pmic/backlight https://github.com/qualcomm-linux/kernel-topics.git tech/pmic/backlight
Updating tech/pmic/backlight
Adding remote tech/pmic/mfd https://github.com/qualcomm-linux/kernel-topics.git tech/pmic/mfd
Updating tech/pmic/mfd
Adding remote tech/pmic/misc https://github.com/qualcomm-linux/kernel-topics.git tech/pmic/misc
Updating tech/pmic/misc
Adding remote tech/pmic/regulator https://github.com/qualcomm-linux/kernel-topics.git tech/pmic/regulator
Updating tech/pmic/regulator
Adding remote tech/pmic/supply https://github.com/qualcomm-linux/kernel-topics.git tech/pmic/supply
Updating tech/pmic/supply
Adding remote tech/mem/dma-buf https://github.com/qualcomm-linux/kernel-topics.git tech/mem/dma-buf
Updating tech/mem/dma-buf
Adding remote tech/mem/iommu https://github.com/qualcomm-linux/kernel-topics.git tech/mem/iommu
Updating tech/mem/iommu
Adding remote tech/mm/audio/all https://github.com/qualcomm-linux/kernel-topics.git tech/mm/audio/all
Updating tech/mm/audio/all
Adding remote tech/mm/audio/soundwire https://github.com/qualcomm-linux/kernel-topics.git tech/mm/audio/soundwire
Updating tech/mm/audio/soundwire
Adding remote tech/mm/camss https://github.com/qualcomm-linux/kernel-topics.git tech/mm/camss
Updating tech/mm/camss
Adding remote tech/mm/drm https://github.com/qualcomm-linux/kernel-topics.git tech/mm/drm
Updating tech/mm/drm
Adding remote tech/mm/fastrpc https://github.com/qualcomm-linux/kernel-topics.git tech/mm/fastrpc
Updating tech/mm/fastrpc
Adding remote tech/mm/phy https://github.com/qualcomm-linux/kernel-topics.git tech/mm/phy
Updating tech/mm/phy
Adding remote tech/mm/video https://github.com/qualcomm-linux/kernel-topics.git tech/mm/video
Updating tech/mm/video
Adding remote tech/mm/gpu https://github.com/qualcomm-linux/kernel-topics.git tech/mm/gpu
Updating tech/mm/gpu
Adding remote tech/mproc/rpmsg https://github.com/qualcomm-linux/kernel-topics.git tech/mproc/rpmsg
Updating tech/mproc/rpmsg
Adding remote tech/mproc/qmi https://github.com/qualcomm-linux/kernel-topics.git tech/mproc/qmi
Updating tech/mproc/qmi
Adding remote tech/net/ath https://github.com/qualcomm-linux/kernel-topics.git tech/net/ath
Updating tech/net/ath
Adding remote tech/net/eth https://github.com/qualcomm-linux/kernel-topics.git tech/net/eth
Updating tech/net/eth
Adding remote tech/net/rmnet https://github.com/qualcomm-linux/kernel-topics.git tech/net/rmnet
Updating tech/net/rmnet
Adding remote tech/net/qrtr https://github.com/qualcomm-linux/kernel-topics.git tech/net/qrtr
Updating tech/net/qrtr
Adding remote tech/net/phy https://github.com/qualcomm-linux/kernel-topics.git tech/net/phy
Updating tech/net/phy
Adding remote tech/net/bluetooth https://github.com/qualcomm-linux/kernel-topics.git tech/net/bluetooth
Updating tech/net/bluetooth
Adding remote tech/pm/opp https://github.com/qualcomm-linux/kernel-topics.git tech/pm/opp
Updating tech/pm/opp
Adding remote tech/pm/pmdomain https://github.com/qualcomm-linux/kernel-topics.git tech/pm/pmdomain
Updating tech/pm/pmdomain
Adding remote tech/pm/power https://github.com/qualcomm-linux/kernel-topics.git tech/pm/power
Updating tech/pm/power
Adding remote tech/pm/thermal https://github.com/qualcomm-linux/kernel-topics.git tech/pm/thermal
Updating tech/pm/thermal
Adding remote tech/security/crypto https://github.com/qualcomm-linux/kernel-topics.git tech/security/crypto
Updating tech/security/crypto
Adding remote tech/security/fscrypt https://github.com/qualcomm-linux/kernel-topics.git tech/security/fscrypt
Updating tech/security/fscrypt
Adding remote tech/security/ice https://github.com/qualcomm-linux/kernel-topics.git tech/security/ice
Updating tech/security/ice
Adding remote tech/storage/nvmem https://github.com/qualcomm-linux/kernel-topics.git tech/storage/nvmem
Updating tech/storage/nvmem
Adding remote tech/storage/phy https://github.com/qualcomm-linux/kernel-topics.git tech/storage/phy
Updating tech/storage/phy
Adding remote tech/storage/all https://github.com/qualcomm-linux/kernel-topics.git tech/storage/all
Updating tech/storage/all
Adding remote tech/virt/gunyah https://github.com/qualcomm-linux/kernel-topics.git tech/virt/gunyah
Updating tech/virt/gunyah
Adding remote tech/all/dt/qcs6490 https://github.com/qualcomm-linux/kernel-topics.git tech/all/dt/qcs6490
Updating tech/all/dt/qcs6490
Adding remote tech/all/dt/qcs9100 https://github.com/qualcomm-linux/kernel-topics.git tech/all/dt/qcs9100
Updating tech/all/dt/qcs9100
Adding remote tech/all/dt/qcs8300 https://github.com/qualcomm-linux/kernel-topics.git tech/all/dt/qcs8300
Updating tech/all/dt/qcs8300
Adding remote tech/all/dt/qcs615 https://github.com/qualcomm-linux/kernel-topics.git tech/all/dt/qcs615
Updating tech/all/dt/qcs615
Adding remote tech/all/dt/hamoa https://github.com/qualcomm-linux/kernel-topics.git tech/all/dt/hamoa
Updating tech/all/dt/hamoa
Adding remote tech/all/dt/glymur https://github.com/qualcomm-linux/kernel-topics.git tech/all/dt/glymur
Updating tech/all/dt/glymur
Adding remote tech/all/dt/kaanapali https://github.com/qualcomm-linux/kernel-topics.git tech/all/dt/kaanapali
Updating tech/all/dt/kaanapali
Adding remote tech/all/dt/pakala https://github.com/qualcomm-linux/kernel-topics.git tech/all/dt/pakala
Updating tech/all/dt/pakala
Adding remote tech/all/config https://github.com/qualcomm-linux/kernel-topics.git tech/all/config
Updating tech/all/config
Adding remote tech/overlay/dt https://github.com/qualcomm-linux/kernel-topics.git tech/overlay/dt
Updating tech/overlay/dt
Adding remote tech/all/workaround https://github.com/qualcomm-linux/kernel-topics.git tech/all/workaround
Updating tech/all/workaround
Adding remote tech/mproc/all https://github.com/qualcomm-linux/kernel-topics.git tech/mproc/all
Updating tech/mproc/all
Adding remote tech/noup/debug/all https://github.com/qualcomm-linux/kernel-topics.git tech/noup/debug/all
Updating tech/noup/debug/all
Done, added 67 new remote(s).
Updating the remotes ...
Updating tech/bsp/clk
Updating tech/bsp/interconnect
Updating tech/mem/secure-buffer
Updating tech/security/firmware-smc
Updating tech/bsp/soc-infra
Updating tech/debug/soc
Updating tech/bsp/pinctrl
Updating tech/bsp/remoteproc
Updating tech/bus/peripherals
Updating tech/bus/pci/all
Updating tech/bus/pci/mhi
Updating tech/bus/pci/phy
Updating tech/bus/pci/pwrctl
Updating tech/bus/usb/dwc
Updating tech/bus/usb/gadget
Updating tech/bus/usb/phy
Updating tech/debug/eud
Updating tech/debug/hwtracing
Updating tech/debug/rdbg
Updating tech/pmic/backlight
Updating tech/pmic/mfd
Updating tech/pmic/misc
Updating tech/pmic/regulator
Updating tech/pmic/supply
Updating tech/mem/dma-buf
Updating tech/mem/iommu
Updating tech/mm/audio/all
Updating tech/mm/audio/soundwire
Updating tech/mm/camss
Updating tech/mm/drm
Updating tech/mm/fastrpc
Updating tech/mm/phy
Updating tech/mm/video
Updating tech/mm/gpu
Updating tech/mproc/rpmsg
Updating tech/mproc/qmi
Updating tech/net/ath
Updating tech/net/eth
Updating tech/net/rmnet
Updating tech/net/qrtr
Updating tech/net/phy
Updating tech/net/bluetooth
Updating tech/pm/opp
Updating tech/pm/pmdomain
Updating tech/pm/power
Updating tech/pm/thermal
Updating tech/security/crypto
Updating tech/security/fscrypt
Updating tech/security/ice
Updating tech/storage/nvmem
Updating tech/storage/phy
Updating tech/storage/all
Updating tech/virt/gunyah
Updating tech/all/dt/qcs6490
Updating tech/all/dt/qcs9100
Updating tech/all/dt/qcs8300
Updating tech/all/dt/qcs615
Updating tech/all/dt/hamoa
Updating tech/all/dt/glymur
Updating tech/all/dt/kaanapali
Updating tech/all/dt/pakala
Updating tech/all/config
Updating tech/overlay/dt
Updating tech/all/workaround
Updating tech/mproc/all
Updating tech/noup/debug/all
Done, updated 0 remote(s).
Updating baseline ...
Fetching baseline
latest tag/id is 24d479d26b25bce5faea3ddd9fa8f3a6c3129ea7
Done, updated baseline.
Latest tag is 24d479d26b25bce5faea3ddd9fa8f3a6c3129ea7
Create a new integration branch based on 24d479d26b25bce5faea3ddd9fa8f3a6c3129ea7
Merging topic branches...
------------------------------------------
 ** Merging topic branch: tech/bsp/clk/tech/bsp/clk
Merge successful : tech/bsp/clk : dcb6c1e38d55a9b135f7d8f54534548c2700f844 : 20
------------------------------------------
 ** Merging topic branch: tech/bsp/interconnect/tech/bsp/interconnect
Nothing to merge: Already up to date.
------------------------------------------
 ** Merging topic branch: tech/mem/secure-buffer/tech/mem/secure-buffer
Nothing to merge: Already up to date.
------------------------------------------
 ** Merging topic branch: tech/security/firmware-smc/tech/security/firmware-smc
Merge successful : tech/security/firmware-smc : a50984a91bb9d551ee48136ee2db90eca0929979 : 2
------------------------------------------
 ** Merging topic branch: tech/bsp/soc-infra/tech/bsp/soc-infra
Merge failed, manual merge
No files need merging
[qcom-next 77826a4f030a] Merge remote-tracking branch tech/bsp/soc-infra into qcom-next
Merge successful : tech/bsp/soc-infra : 2949741fcdc958db4503d4c9a7320359ccbff5b1 : 9
------------------------------------------
 ** Merging topic branch: tech/debug/soc/tech/debug/soc
Nothing to merge: Already up to date.
------------------------------------------
 ** Merging topic branch: tech/bsp/pinctrl/tech/bsp/pinctrl
Nothing to merge: Already up to date.
------------------------------------------
 ** Merging topic branch: tech/bsp/remoteproc/tech/bsp/remoteproc
Merge successful : tech/bsp/remoteproc : 68d1bd1b5cda6e6ab3c5dce2fa3c620446bb006e : 19
------------------------------------------
 ** Merging topic branch: tech/bus/peripherals/tech/bus/peripherals
Merge successful : tech/bus/peripherals : 486bcf7a4a94e54abf5fd9e6cc6bf68eea22a5d6 : 1
------------------------------------------
 ** Merging topic branch: tech/bus/pci/all/tech/bus/pci/all
Merge successful : tech/bus/pci/all : d9f9599c6801d504ef3e87e8d83aa67fec64496b : 8
------------------------------------------
 ** Merging topic branch: tech/bus/pci/mhi/tech/bus/pci/mhi
Nothing to merge: Already up to date.
------------------------------------------
 ** Merging topic branch: tech/bus/pci/phy/tech/bus/pci/phy
Nothing to merge: Already up to date.
------------------------------------------
 ** Merging topic branch: tech/bus/pci/pwrctl/tech/bus/pci/pwrctl
Nothing to merge: Already up to date.
------------------------------------------
 ** Merging topic branch: tech/bus/usb/dwc/tech/bus/usb/dwc
Merge successful : tech/bus/usb/dwc : 49ac8e0eb9656bdaa63dfa8431879f8fe6798742 : 2
------------------------------------------
 ** Merging topic branch: tech/bus/usb/gadget/tech/bus/usb/gadget
Nothing to merge: Already up to date.
------------------------------------------
 ** Merging topic branch: tech/bus/usb/phy/tech/bus/usb/phy
Merge successful : tech/bus/usb/phy : 9e7d7787206121ff4394568693eff092b2e20969 : 13
------------------------------------------
 ** Merging topic branch: tech/debug/eud/tech/debug/eud
Nothing to merge: Already up to date.
------------------------------------------
 ** Merging topic branch: tech/debug/hwtracing/tech/debug/hwtracing
Merge successful : tech/debug/hwtracing : 88c50d84eeb036c368abb87859ad2aee0f45fb0b : 27
------------------------------------------
 ** Merging topic branch: tech/debug/rdbg/tech/debug/rdbg
Nothing to merge: Already up to date.
------------------------------------------
 ** Merging topic branch: tech/pmic/backlight/tech/pmic/backlight
Nothing to merge: Already up to date.
------------------------------------------
 ** Merging topic branch: tech/pmic/mfd/tech/pmic/mfd
Nothing to merge: Already up to date.
------------------------------------------
 ** Merging topic branch: tech/pmic/misc/tech/pmic/misc
Merge successful : tech/pmic/misc : 91e88b9ce499fd46d4b7341e0a9a2e5accccf9ee : 16
------------------------------------------
 ** Merging topic branch: tech/pmic/regulator/tech/pmic/regulator
Merge successful : tech/pmic/regulator : 81fc8fbf0f0a02a7b2d855aee574b88bd7d59107 : 6
------------------------------------------
 ** Merging topic branch: tech/pmic/supply/tech/pmic/supply
Nothing to merge: Already up to date.
------------------------------------------
 ** Merging topic branch: tech/mem/dma-buf/tech/mem/dma-buf
Nothing to merge: Already up to date.
------------------------------------------
 ** Merging topic branch: tech/mem/iommu/tech/mem/iommu
Merge successful : tech/mem/iommu : 4cff31be02c7cce3434b096cb6cba4c11fc7f3c7 : 3
------------------------------------------
 ** Merging topic branch: tech/mm/audio/all/tech/mm/audio/all
Merge successful : tech/mm/audio/all : ce10fd3207f3b672fbb424df6386d07c301879a1 : 4
------------------------------------------
 ** Merging topic branch: tech/mm/audio/soundwire/tech/mm/audio/soundwire
Nothing to merge: Already up to date.
------------------------------------------
 ** Merging topic branch: tech/mm/camss/tech/mm/camss
Merge failed, manual merge
No files need merging
[qcom-next 9df01c0b5568] Merge remote-tracking branch tech/mm/camss into qcom-next
Merge successful : tech/mm/camss : d1d2c38f53e8f67b6a11866d4202561fbed0a988 : 3
------------------------------------------
 ** Merging topic branch: tech/mm/drm/tech/mm/drm
Merge successful : tech/mm/drm : 9bb86bea5e039f5591b5f5ed34b596c1765d40de : 28
------------------------------------------
 ** Merging topic branch: tech/mm/fastrpc/tech/mm/fastrpc
Merge successful : tech/mm/fastrpc : a471773a336d3cb927d49ffc0bd0bb67e4cc844b : 4
------------------------------------------
 ** Merging topic branch: tech/mm/phy/tech/mm/phy
Nothing to merge: Already up to date.
------------------------------------------
 ** Merging topic branch: tech/mm/video/tech/mm/video
Merge successful : tech/mm/video : 48714170dc4a486d6c17c502c203178d3bf31f22 : 16
------------------------------------------
 ** Merging topic branch: tech/mm/gpu/tech/mm/gpu
Merge successful : tech/mm/gpu : 1651b6d6e0fa12e2bd16cb2623a875e675ce0420 : 5
------------------------------------------
 ** Merging topic branch: tech/mproc/rpmsg/tech/mproc/rpmsg
Merge successful : tech/mproc/rpmsg : c3875d91bc790317fbfd048810402ebd4fa406b2 : 1
------------------------------------------
 ** Merging topic branch: tech/mproc/qmi/tech/mproc/qmi
Nothing to merge: Already up to date.
------------------------------------------
 ** Merging topic branch: tech/net/ath/tech/net/ath
Merge successful : tech/net/ath : 977eceee12dfb15955c69685ef26621450f45848 : 22
------------------------------------------
 ** Merging topic branch: tech/net/eth/tech/net/eth
Merge successful : tech/net/eth : c280d7e86faa86b16d3c1e313e95207503cf3770 : 1
------------------------------------------
 ** Merging topic branch: tech/net/rmnet/tech/net/rmnet
Nothing to merge: Already up to date.
------------------------------------------
 ** Merging topic branch: tech/net/qrtr/tech/net/qrtr
Nothing to merge: Already up to date.
------------------------------------------
 ** Merging topic branch: tech/net/phy/tech/net/phy
Nothing to merge: Already up to date.
------------------------------------------
 ** Merging topic branch: tech/net/bluetooth/tech/net/bluetooth
Merge successful : tech/net/bluetooth : 46c6608ed2d3f3c8616f5980cb0b739c907e0ba8 : 5
------------------------------------------
 ** Merging topic branch: tech/pm/opp/tech/pm/opp
Nothing to merge: Already up to date.
------------------------------------------
 ** Merging topic branch: tech/pm/pmdomain/tech/pm/pmdomain
Nothing to merge: Already up to date.
------------------------------------------
 ** Merging topic branch: tech/pm/power/tech/pm/power
Merge successful : tech/pm/power : 7b7e77956157470a1c0925cdec114a0f1a423877 : 7
------------------------------------------
 ** Merging topic branch: tech/pm/thermal/tech/pm/thermal
Merge successful : tech/pm/thermal : 363f414706eb547196839d6dc401d3bbff387a40 : 3
------------------------------------------
 ** Merging topic branch: tech/security/crypto/tech/security/crypto
Merge successful : tech/security/crypto : fa6b06add383d99c6ee75331081bc25a6986e2e0 : 11
------------------------------------------
 ** Merging topic branch: tech/security/fscrypt/tech/security/fscrypt
Nothing to merge: Already up to date.
------------------------------------------
 ** Merging topic branch: tech/security/ice/tech/security/ice
Nothing to merge: Already up to date.
------------------------------------------
 ** Merging topic branch: tech/storage/nvmem/tech/storage/nvmem
Nothing to merge: Already up to date.
------------------------------------------
 ** Merging topic branch: tech/storage/phy/tech/storage/phy
Nothing to merge: Already up to date.
------------------------------------------
 ** Merging topic branch: tech/storage/all/tech/storage/all
Merge successful : tech/storage/all : 897b01e421283bfce9205a4c194cfd3e363456f6 : 7
------------------------------------------
 ** Merging topic branch: tech/virt/gunyah/tech/virt/gunyah
Nothing to merge: Already up to date.
------------------------------------------
 ** Merging topic branch: tech/all/dt/qcs6490/tech/all/dt/qcs6490
Merge successful : tech/all/dt/qcs6490 : 87b5b8c5526c30561b8b41c9b7f6d0bdff71287e : 7
------------------------------------------
 ** Merging topic branch: tech/all/dt/qcs9100/tech/all/dt/qcs9100
Merge successful : tech/all/dt/qcs9100 : 518aeb54113a9214e14bd7886a2a3b69bacccb94 : 18
------------------------------------------
 ** Merging topic branch: tech/all/dt/qcs8300/tech/all/dt/qcs8300
Merge successful : tech/all/dt/qcs8300 : 714533cb2e02e3f695b5c5a0e71c75df5ecc863b : 28
------------------------------------------
 ** Merging topic branch: tech/all/dt/qcs615/tech/all/dt/qcs615
Merge successful : tech/all/dt/qcs615 : d4cf9c7690f723537a8a586ed6cd7b74008a2d76 : 14
------------------------------------------
 ** Merging topic branch: tech/all/dt/hamoa/tech/all/dt/hamoa
Merge successful : tech/all/dt/hamoa : e571479830d6dc05714310a9eb5458ef3297ed6a : 16
------------------------------------------
 ** Merging topic branch: tech/all/dt/glymur/tech/all/dt/glymur
Merge successful : tech/all/dt/glymur : b6ddb1fb2e57e406058a9b2189da8a322a2d5e10 : 27
------------------------------------------
 ** Merging topic branch: tech/all/dt/kaanapali/tech/all/dt/kaanapali
Merge failed, manual merge
No files need merging
[qcom-next bcedefb31c46] Merge remote-tracking branch tech/all/dt/kaanapali into qcom-next
Merge successful : tech/all/dt/kaanapali : c3ff3fc9f8f2aab4813819282b72298763d547eb : 17
------------------------------------------
 ** Merging topic branch: tech/all/dt/pakala/tech/all/dt/pakala
Merge successful : tech/all/dt/pakala : b4ebc9f3e60b3d902dd05f7921b249709318caa1 : 9
------------------------------------------
 ** Merging topic branch: tech/all/config/tech/all/config
Merge successful : tech/all/config : e737dd00d9a1c7472b2717b691b6b9bae3669418 : 37
------------------------------------------
 ** Merging topic branch: tech/overlay/dt/tech/overlay/dt
Merge failed, manual merge
No files need merging
[qcom-next 211a4453d9a4] Merge remote-tracking branch tech/overlay/dt into qcom-next
Merge successful : tech/overlay/dt : 50f2b36d753ab15626ceb9db6f7c27a0ea783445 : 15
------------------------------------------
 ** Merging topic branch: tech/all/workaround/tech/all/workaround
Merge failed, manual merge
No files need merging
[qcom-next 09e3ba682248] Merge remote-tracking branch tech/all/workaround into qcom-next
Merge successful : tech/all/workaround : 65d248124f18ef053e842616e536cb6813187ea8 : 4
------------------------------------------
 ** Merging topic branch: tech/mproc/all/tech/mproc/all
Merge successful : tech/mproc/all : d19a4c1bd3a5c85722d13d63aa5e2542accfc2a0 : 5
------------------------------------------
 ** Merging topic branch: tech/noup/debug/all/tech/noup/debug/all
Merge successful : tech/noup/debug/all : 1c86d19ed7c7616f291772cc8e176f6d5e441c85 : 5
Done, merged 39 topic(s).
[main 8650a78] New rr-cache entries from ci-merge
 3 files changed, 5474 insertions(+)
 create mode 100644 rr-cache/1c931b1fa4535bef566474f2c6672ba6d56f048d/thisimage
 create mode 100644 rr-cache/a45b18f80c205b7caf419c4d44f8868f79638b05/thisimage.1
 create mode 100644 rr-cache/afb580ef7af8cacfb31a8660052324ce9ec36e69/thisimage
